<?xml version="1.0" encoding="UTF-8"?>
<!-- Generated by org.testng.reporters.JUnitReportReporter -->
<testsuite hostname="DESKTOP-GET1OHG" failures="0" tests="2" name="test.SampleA" time="1.317" errors="0" timestamp="16 Apr 2024 14:06:59 GMT">
  <testcase classname="test.SampleA" name="testCase01" time="1.028"/>
  <testcase classname="test.SampleA" name="testCase02" time="0.289"/>
</testsuite>
