<?xml version="1.0" encoding="UTF-8"?>
<!-- Generated by org.testng.reporters.JUnitReportReporter -->
<testsuite hostname="DESKTOP-GET1OHG" failures="0" tests="1" name="test.SampleA2" time="0.018" errors="0" timestamp="15 Apr 2024 14:23:37 GMT">
  <testcase classname="test.SampleA2" name="test01" time="0.018"/>
</testsuite>
