<?xml version="1.0" encoding="UTF-8"?>
<!-- Generated by org.testng.reporters.JUnitReportReporter -->
<testsuite hostname="DESKTOP-GET1OHG" failures="0" tests="3" name="test.Saucedemo" time="20.301" errors="0" timestamp="15 Apr 2024 14:00:33 GMT">
  <testcase classname="test.Saucedemo" name="testCase01" time="7.441"/>
  <testcase classname="test.Saucedemo" name="testCase01" time="7.465"/>
  <testcase classname="test.Saucedemo" name="testCase01" time="5.395"/>
</testsuite>
