<?xml version="1.0" encoding="UTF-8"?>
<!-- Generated by org.testng.reporters.JUnitReportReporter -->
<testsuite hostname="DESKTOP-GET1OHG" failures="0" tests="4" name="test.SampleA" time="0.020" errors="0" timestamp="15 Apr 2024 14:21:12 GMT">
  <testcase classname="test.SampleA" name="test04" time="0.003"/>
  <testcase classname="test.SampleA" name="test05" time="0.001"/>
  <testcase classname="test.SampleA" name="test03" time="0.014"/>
  <testcase classname="test.SampleA" name="test02" time="0.002"/>
</testsuite>
