<?xml version="1.0" encoding="UTF-8"?>
<!-- Generated by org.testng.reporters.JUnitReportReporter -->
<testsuite hostname="DESKTOP-GET1OHG" failures="0" tests="1" name="test.SampleA3" time="0.002" errors="0" timestamp="15 Apr 2024 14:23:37 GMT">
  <testcase classname="test.SampleA3" name="test05" time="0.002"/>
</testsuite>
